<?xml version="1.0" encoding="UTF-8"?>
<!-- Generated by org.testng.reporters.JUnitReportReporter -->
<testsuite hostname="Manju12Yadav" failures="0" tests="1" name="AnneKutteTest" time="0.012" errors="0" timestamp="2023-04-04T11:01:47 IST" skipped="0">
  <testcase classname="AnneKutteTest" name="dish" time="0.012"/>
  <system-out/>
</testsuite> <!-- AnneKutteTest -->
